TN:
SF:src\client.ts
FN:28,(anonymous_8)
FN:49,(anonymous_9)
FN:51,(anonymous_10)
FN:55,(anonymous_11)
FN:62,(anonymous_12)
FN:66,(anonymous_13)
FN:79,(anonymous_14)
FN:97,(anonymous_16)
FN:119,(anonymous_18)
FN:126,(anonymous_20)
FN:132,(anonymous_22)
FN:139,(anonymous_24)
FN:147,(anonymous_26)
FN:153,(anonymous_28)
FN:154,(anonymous_29)
FN:167,(anonymous_30)
FN:174,(anonymous_32)
FN:182,(anonymous_34)
FN:188,(anonymous_36)
FN:198,(anonymous_38)
FN:203,(anonymous_40)
FN:233,(anonymous_42)
FN:240,(anonymous_44)
FN:247,(anonymous_46)
FN:255,(anonymous_48)
FNF:25
FNH:17
FNDA:17,(anonymous_8)
FNDA:16,(anonymous_9)
FNDA:12,(anonymous_10)
FNDA:0,(anonymous_11)
FNDA:0,(anonymous_12)
FNDA:12,(anonymous_13)
FNDA:12,(anonymous_14)
FNDA:1,(anonymous_16)
FNDA:0,(anonymous_18)
FNDA:5,(anonymous_20)
FNDA:0,(anonymous_22)
FNDA:0,(anonymous_24)
FNDA:1,(anonymous_26)
FNDA:1,(anonymous_28)
FNDA:1,(anonymous_29)
FNDA:1,(anonymous_30)
FNDA:1,(anonymous_32)
FNDA:0,(anonymous_34)
FNDA:1,(anonymous_36)
FNDA:1,(anonymous_38)
FNDA:1,(anonymous_40)
FNDA:0,(anonymous_42)
FNDA:0,(anonymous_44)
FNDA:1,(anonymous_46)
FNDA:1,(anonymous_48)
DA:1,1
DA:2,1
DA:3,1
DA:15,1
DA:17,1
DA:21,17
DA:29,17
DA:30,17
DA:31,1
DA:36,16
DA:37,16
DA:38,16
DA:46,16
DA:50,16
DA:52,12
DA:53,12
DA:56,0
DA:57,0
DA:61,16
DA:63,0
DA:64,0
DA:67,12
DA:73,12
DA:74,1
DA:80,12
DA:81,12
DA:82,11
DA:83,11
DA:86,12
DA:87,0
DA:94,12
DA:101,1
DA:102,1
DA:103,1
DA:105,1
DA:106,1
DA:107,1
DA:111,0
DA:112,0
DA:113,0
DA:116,0
DA:120,0
DA:121,0
DA:122,0
DA:127,5
DA:128,5
DA:129,0
DA:136,0
DA:143,0
DA:148,1
DA:149,1
DA:150,0
DA:154,1
DA:158,1
DA:159,1
DA:164,0
DA:168,1
DA:169,1
DA:170,1
DA:171,0
DA:178,1
DA:183,0
DA:184,0
DA:185,0
DA:189,1
DA:190,1
DA:191,1
DA:195,0
DA:199,1
DA:200,1
DA:204,1
DA:205,1
DA:207,1
DA:208,0
DA:209,0
DA:210,1
DA:211,1
DA:213,0
DA:219,1
DA:229,0
DA:234,0
DA:241,0
DA:248,1
DA:256,1
LF:84
LH:56
BRDA:30,0,0,1
BRDA:37,1,0,16
BRDA:37,1,1,16
BRDA:69,2,0,0
BRDA:69,2,1,12
BRDA:69,3,0,12
BRDA:69,3,1,12
BRDA:71,4,0,0
BRDA:71,4,1,12
BRDA:71,5,0,12
BRDA:71,5,1,12
BRDA:81,6,0,11
BRDA:86,7,0,0
BRDA:102,8,0,1
BRDA:102,8,1,1
BRDA:102,9,0,0
BRDA:102,9,1,1
BRDA:102,10,0,1
BRDA:102,10,1,1
BRDA:156,11,0,0
BRDA:207,12,0,0
BRDA:207,12,1,1
BRDA:210,13,0,1
BRDA:210,13,1,0
BRF:24
BRH:17
end_of_record
TN:
SF:src\errors.ts
FN:1,(anonymous_0)
FN:13,(anonymous_1)
FN:23,(anonymous_2)
FN:30,(anonymous_3)
FN:34,(anonymous_4)
FN:38,(anonymous_5)
FN:42,(anonymous_6)
FNF:7
FNH:2
FNDA:1,(anonymous_0)
FNDA:16,(anonymous_1)
FNDA:0,(anonymous_2)
FNDA:0,(anonymous_3)
FNDA:0,(anonymous_4)
FNDA:0,(anonymous_5)
FNDA:0,(anonymous_6)
DA:1,1
DA:2,1
DA:3,1
DA:4,1
DA:5,1
DA:6,1
DA:7,1
DA:8,1
DA:9,1
DA:12,1
DA:15,16
DA:16,16
DA:17,16
DA:19,16
DA:20,16
DA:24,0
DA:31,0
DA:35,0
DA:39,0
DA:43,0
LF:20
LH:15
BRDA:1,0,0,1
BRDA:1,0,1,1
BRDA:25,1,0,0
BRDA:25,1,1,0
BRF:4
BRH:2
end_of_record
TN:
SF:src\index.ts
FN:1,(anonymous_5)
FNF:1
FNH:0
FNDA:0,(anonymous_5)
DA:1,1
DA:2,1
DA:3,1
DA:5,1
DA:6,1
LF:5
LH:5
BRF:0
BRH:0
end_of_record
TN:
SF:src\types.ts
FN:84,validateCreatePinData
FN:96,validateUpdateBoardData
FNF:2
FNH:2
FNDA:1,validateCreatePinData
FNDA:1,validateUpdateBoardData
DA:1,1
DA:2,1
DA:19,1
DA:37,1
DA:46,1
DA:84,1
DA:87,1
DA:88,0
DA:96,1
DA:99,1
DA:100,0
LF:11
LH:9
BRDA:87,0,0,0
BRDA:87,1,0,0
BRDA:87,1,1,1
BRDA:87,2,0,1
BRDA:87,2,1,1
BRDA:99,3,0,0
BRDA:99,4,0,1
BRDA:99,4,1,0
BRDA:99,4,2,0
BRF:9
BRH:4
end_of_record
